[2016-06-10 17:54:46] local.ERROR: exception 'Symfony\Component\Debug\Exception\FatalErrorException' with message 'Class 'Input' not found' in C:\wamp\www\laravel_stored_procedure\app\Http\routes.php:18
Stack trace:
#0 C:\wamp\www\laravel_stored_procedure\vendor\laravel\framework\src\Illuminate\Foundation\Bootstrap\HandleExceptions.php(133): Symfony\Component\Debug\Exception\FatalErrorException->__construct()
#1 C:\wamp\www\laravel_stored_procedure\vendor\laravel\framework\src\Illuminate\Foundation\Bootstrap\HandleExceptions.php(118): Illuminate\Foundation\Bootstrap\HandleExceptions->fatalExceptionFromError()
#2 C:\wamp\www\laravel_stored_procedure\vendor\laravel\framework\src\Illuminate\Foundation\Bootstrap\HandleExceptions.php(0): Illuminate\Foundation\Bootstrap\HandleExceptions->handleShutdown()
#3 C:\wamp\www\laravel_stored_procedure\vendor\laravel\framework\src\Illuminate\Routing\Route.php(158): App\Providers\RouteServiceProvider->{closure:C:\wamp\www\laravel_stored_procedure\app\Http\routes.php:13-24}()
#4 C:\wamp\www\laravel_stored_procedure\vendor\laravel\framework\src\Illuminate\Routing\Route.php(158): call_user_func_array:{C:\wamp\www\laravel_stored_procedure\vendor\laravel\framework\src\Illuminate\Routing\Route.php:158}()
#5 C:\wamp\www\laravel_stored_procedure\vendor\laravel\framework\src\Illuminate\Routing\Route.php(137): Illuminate\Routing\Route->runCallable()
#6 C:\wamp\www\laravel_stored_procedure\vendor\laravel\framework\src\Illuminate\Routing\Router.php(724): Illuminate\Routing\Route->run()
#7 C:\wamp\www\laravel_stored_procedure\vendor\laravel\framework\src\Illuminate\Routing\Pipeline.php(52): Illuminate\Routing\Router->Illuminate\Routing\{closure}()
#8 C:\wamp\www\laravel_stored_procedure\vendor\laravel\framework\src\Illuminate\Routing\Pipeline.php(52): call_user_func:{C:\wamp\www\laravel_stored_procedure\vendor\laravel\framework\src\Illuminate\Routing\Pipeline.php:52}()
#9 C:\wamp\www\laravel_stored_procedure\vendor\laravel\framework\src\Illuminate\Foundation\Http\Middleware\VerifyCsrfToken.php(64): Illuminate\Routing\Pipeline->Illuminate\Routing\{closure}()
#10 C:\wamp\www\laravel_stored_procedure\vendor\laravel\framework\src\Illuminate\Pipeline\Pipeline.php(124): Illuminate\Foundation\Http\Middleware\VerifyCsrfToken->handle()
#11 C:\wamp\www\laravel_stored_procedure\vendor\laravel\framework\src\Illuminate\Pipeline\Pipeline.php(124): call_user_func_array:{C:\wamp\www\laravel_stored_procedure\vendor\laravel\framework\src\Illuminate\Pipeline\Pipeline.php:124}()
#12 C:\wamp\www\laravel_stored_procedure\vendor\laravel\framework\src\Illuminate\Routing\Pipeline.php(32): Illuminate\Pipeline\Pipeline->Illuminate\Pipeline\{closure}()
#13 C:\wamp\www\laravel_stored_procedure\vendor\laravel\framework\src\Illuminate\Routing\Pipeline.php(32): call_user_func:{C:\wamp\www\laravel_stored_procedure\vendor\laravel\framework\src\Illuminate\Routing\Pipeline.php:32}()
#14 C:\wamp\www\laravel_stored_procedure\vendor\laravel\framework\src\Illuminate\View\Middleware\ShareErrorsFromSession.php(49): Illuminate\Routing\Pipeline->Illuminate\Routing\{closure}()
#15 C:\wamp\www\laravel_stored_procedure\vendor\laravel\framework\src\Illuminate\Pipeline\Pipeline.php(124): Illuminate\View\Middleware\ShareErrorsFromSession->handle()
#16 C:\wamp\www\laravel_stored_procedure\vendor\laravel\framework\src\Illuminate\Pipeline\Pipeline.php(124): call_user_func_array:{C:\wamp\www\laravel_stored_procedure\vendor\laravel\framework\src\Illuminate\Pipeline\Pipeline.php:124}()
#17 C:\wamp\www\laravel_stored_procedure\vendor\laravel\framework\src\Illuminate\Routing\Pipeline.php(32): Illuminate\Pipeline\Pipeline->Illuminate\Pipeline\{closure}()
#18 C:\wamp\www\laravel_stored_procedure\vendor\laravel\framework\src\Illuminate\Routing\Pipeline.php(32): call_user_func:{C:\wamp\www\laravel_stored_procedure\vendor\laravel\framework\src\Illuminate\Routing\Pipeline.php:32}()
#19 C:\wamp\www\laravel_stored_procedure\vendor\laravel\framework\src\Illuminate\Session\Middleware\StartSession.php(62): Illuminate\Routing\Pipeline->Illuminate\Routing\{closure}()
#20 C:\wamp\www\laravel_stored_procedure\vendor\laravel\framework\src\Illuminate\Pipeline\Pipeline.php(124): Illuminate\Session\Middleware\StartSession->handle()
#21 C:\wamp\www\laravel_stored_procedure\vendor\laravel\framework\src\Illuminate\Pipeline\Pipeline.php(124): call_user_func_array:{C:\wamp\www\laravel_stored_procedure\vendor\laravel\framework\src\Illuminate\Pipeline\Pipeline.php:124}()
#22 C:\wamp\www\laravel_stored_procedure\vendor\laravel\framework\src\Illuminate\Routing\Pipeline.php(32): Illuminate\Pipeline\Pipeline->Illuminate\Pipeline\{closure}()
#23 C:\wamp\www\laravel_stored_procedure\vendor\laravel\framework\src\Illuminate\Routing\Pipeline.php(32): call_user_func:{C:\wamp\www\laravel_stored_procedure\vendor\laravel\framework\src\Illuminate\Routing\Pipeline.php:32}()
#24 C:\wamp\www\laravel_stored_procedure\vendor\laravel\framework\src\Illuminate\Cookie\Middleware\AddQueuedCookiesToResponse.php(37): Illuminate\Routing\Pipeline->Illuminate\Routing\{closure}()
#25 C:\wamp\www\laravel_stored_procedure\vendor\laravel\framework\src\Illuminate\Pipeline\Pipeline.php(124): Illuminate\Cookie\Middleware\AddQueuedCookiesToResponse->handle()
#26 C:\wamp\www\laravel_stored_procedure\vendor\laravel\framework\src\Illuminate\Pipeline\Pipeline.php(124): call_user_func_array:{C:\wamp\www\laravel_stored_procedure\vendor\laravel\framework\src\Illuminate\Pipeline\Pipeline.php:124}()
#27 C:\wamp\www\laravel_stored_procedure\vendor\laravel\framework\src\Illuminate\Routing\Pipeline.php(32): Illuminate\Pipeline\Pipeline->Illuminate\Pipeline\{closure}()
#28 C:\wamp\www\laravel_stored_procedure\vendor\laravel\framework\src\Illuminate\Routing\Pipeline.php(32): call_user_func:{C:\wamp\www\laravel_stored_procedure\vendor\laravel\framework\src\Illuminate\Routing\Pipeline.php:32}()
#29 C:\wamp\www\laravel_stored_procedure\vendor\laravel\framework\src\Illuminate\Cookie\Middleware\EncryptCookies.php(59): Illuminate\Routing\Pipeline->Illuminate\Routing\{closure}()
#30 C:\wamp\www\laravel_stored_procedure\vendor\laravel\framework\src\Illuminate\Pipeline\Pipeline.php(124): Illuminate\Cookie\Middleware\EncryptCookies->handle()
#31 C:\wamp\www\laravel_stored_procedure\vendor\laravel\framework\src\Illuminate\Pipeline\Pipeline.php(124): call_user_func_array:{C:\wamp\www\laravel_stored_procedure\vendor\laravel\framework\src\Illuminate\Pipeline\Pipeline.php:124}()
#32 C:\wamp\www\laravel_stored_procedure\vendor\laravel\framework\src\Illuminate\Routing\Pipeline.php(32): Illuminate\Pipeline\Pipeline->Illuminate\Pipeline\{closure}()
#33 C:\wamp\www\laravel_stored_procedure\vendor\laravel\framework\src\Illuminate\Routing\Pipeline.php(32): call_user_func:{C:\wamp\www\laravel_stored_procedure\vendor\laravel\framework\src\Illuminate\Routing\Pipeline.php:32}()
#34 C:\wamp\www\laravel_stored_procedure\vendor\laravel\framework\src\Illuminate\Pipeline\Pipeline.php(103): Illuminate\Routing\Pipeline->Illuminate\Routing\{closure}()
#35 C:\wamp\www\laravel_stored_procedure\vendor\laravel\framework\src\Illuminate\Pipeline\Pipeline.php(103): call_user_func:{C:\wamp\www\laravel_stored_procedure\vendor\laravel\framework\src\Illuminate\Pipeline\Pipeline.php:103}()
#36 C:\wamp\www\laravel_stored_procedure\vendor\laravel\framework\src\Illuminate\Routing\Router.php(726): Illuminate\Pipeline\Pipeline->then()
#37 C:\wamp\www\laravel_stored_procedure\vendor\laravel\framework\src\Illuminate\Routing\Router.php(699): Illuminate\Routing\Router->runRouteWithinStack()
#38 C:\wamp\www\laravel_stored_procedure\vendor\laravel\framework\src\Illuminate\Routing\Router.php(675): Illuminate\Routing\Router->dispatchToRoute()
#39 C:\wamp\www\laravel_stored_procedure\vendor\laravel\framework\src\Illuminate\Foundation\Http\Kernel.php(246): Illuminate\Routing\Router->dispatch()
#40 C:\wamp\www\laravel_stored_procedure\vendor\laravel\framework\src\Illuminate\Routing\Pipeline.php(52): Illuminate\Foundation\Http\Kernel->Illuminate\Foundation\Http\{closure}()
#41 C:\wamp\www\laravel_stored_procedure\vendor\laravel\framework\src\Illuminate\Routing\Pipeline.php(52): call_user_func:{C:\wamp\www\laravel_stored_procedure\vendor\laravel\framework\src\Illuminate\Routing\Pipeline.php:52}()
#42 C:\wamp\www\laravel_stored_procedure\vendor\laravel\framework\src\Illuminate\Foundation\Http\Middleware\CheckForMaintenanceMode.php(44): Illuminate\Routing\Pipeline->Illuminate\Routing\{closure}()
#43 C:\wamp\www\laravel_stored_procedure\vendor\laravel\framework\src\Illuminate\Pipeline\Pipeline.php(124): Illuminate\Foundation\Http\Middleware\CheckForMaintenanceMode->handle()
#44 C:\wamp\www\laravel_stored_procedure\vendor\laravel\framework\src\Illuminate\Pipeline\Pipeline.php(124): call_user_func_array:{C:\wamp\www\laravel_stored_procedure\vendor\laravel\framework\src\Illuminate\Pipeline\Pipeline.php:124}()
#45 C:\wamp\www\laravel_stored_procedure\vendor\laravel\framework\src\Illuminate\Routing\Pipeline.php(32): Illuminate\Pipeline\Pipeline->Illuminate\Pipeline\{closure}()
#46 C:\wamp\www\laravel_stored_procedure\vendor\laravel\framework\src\Illuminate\Routing\Pipeline.php(32): call_user_func:{C:\wamp\www\laravel_stored_procedure\vendor\laravel\framework\src\Illuminate\Routing\Pipeline.php:32}()
#47 C:\wamp\www\laravel_stored_procedure\vendor\laravel\framework\src\Illuminate\Pipeline\Pipeline.php(103): Illuminate\Routing\Pipeline->Illuminate\Routing\{closure}()
#48 C:\wamp\www\laravel_stored_procedure\vendor\laravel\framework\src\Illuminate\Pipeline\Pipeline.php(103): call_user_func:{C:\wamp\www\laravel_stored_procedure\vendor\laravel\framework\src\Illuminate\Pipeline\Pipeline.php:103}()
#49 C:\wamp\www\laravel_stored_procedure\vendor\laravel\framework\src\Illuminate\Foundation\Http\Kernel.php(132): Illuminate\Pipeline\Pipeline->then()
#50 C:\wamp\www\laravel_stored_procedure\vendor\laravel\framework\src\Illuminate\Foundation\Http\Kernel.php(99): Illuminate\Foundation\Http\Kernel->sendRequestThroughRouter()
#51 C:\wamp\www\laravel_stored_procedure\public\index.php(54): Illuminate\Foundation\Http\Kernel->handle()
#52 C:\wamp\www\laravel_stored_procedure\public\index.php(0): {main}()
#53 {main}  
[2016-06-10 17:55:57] local.ERROR: exception 'Symfony\Component\Console\Exception\CommandNotFoundException' with message 'There are no commands defined in the "create" namespace.' in C:\wamp\www\laravel_stored_procedure\vendor\symfony\console\Application.php:466
Stack trace:
#0 C:\wamp\www\laravel_stored_procedure\vendor\symfony\console\Application.php(498): Symfony\Component\Console\Application->findNamespace('create')
#1 C:\wamp\www\laravel_stored_procedure\vendor\symfony\console\Application.php(183): Symfony\Component\Console\Application->find('create:modal')
#2 C:\wamp\www\laravel_stored_procedure\vendor\symfony\console\Application.php(117): Symfony\Component\Console\Application->doRun(Object(Symfony\Component\Console\Input\ArgvInput), Object(Symfony\Component\Console\Output\ConsoleOutput))
#3 C:\wamp\www\laravel_stored_procedure\vendor\laravel\framework\src\Illuminate\Foundation\Console\Kernel.php(107): Symfony\Component\Console\Application->run(Object(Symfony\Component\Console\Input\ArgvInput), Object(Symfony\Component\Console\Output\ConsoleOutput))
#4 C:\wamp\www\laravel_stored_procedure\artisan(36): Illuminate\Foundation\Console\Kernel->handle(Object(Symfony\Component\Console\Input\ArgvInput), Object(Symfony\Component\Console\Output\ConsoleOutput))
#5 {main}  
[2016-06-10 17:56:09] local.ERROR: exception 'Symfony\Component\Console\Exception\CommandNotFoundException' with message 'Command "make:modal" is not defined.

Did you mean one of these?
    make:model
    make:provider
    make:policy
    make:request
    make:seeder
    make:migration
    make:test
    make:middleware
    make:controller
    make:console
    make:event
    make:job
    make:listener
    make:auth' in C:\wamp\www\laravel_stored_procedure\vendor\symfony\console\Application.php:512
Stack trace:
#0 C:\wamp\www\laravel_stored_procedure\vendor\symfony\console\Application.php(183): Symfony\Component\Console\Application->find('make:modal')
#1 C:\wamp\www\laravel_stored_procedure\vendor\symfony\console\Application.php(117): Symfony\Component\Console\Application->doRun(Object(Symfony\Component\Console\Input\ArgvInput), Object(Symfony\Component\Console\Output\ConsoleOutput))
#2 C:\wamp\www\laravel_stored_procedure\vendor\laravel\framework\src\Illuminate\Foundation\Console\Kernel.php(107): Symfony\Component\Console\Application->run(Object(Symfony\Component\Console\Input\ArgvInput), Object(Symfony\Component\Console\Output\ConsoleOutput))
#3 C:\wamp\www\laravel_stored_procedure\artisan(36): Illuminate\Foundation\Console\Kernel->handle(Object(Symfony\Component\Console\Input\ArgvInput), Object(Symfony\Component\Console\Output\ConsoleOutput))
#4 {main}  
[2016-06-10 17:58:28] local.ERROR: exception 'Symfony\Component\Debug\Exception\FatalErrorException' with message 'Class 'Input' not found' in C:\wamp\www\laravel_stored_procedure\app\Http\routes.php:18
Stack trace:
#0 C:\wamp\www\laravel_stored_procedure\vendor\laravel\framework\src\Illuminate\Foundation\Bootstrap\HandleExceptions.php(133): Symfony\Component\Debug\Exception\FatalErrorException->__construct()
#1 C:\wamp\www\laravel_stored_procedure\vendor\laravel\framework\src\Illuminate\Foundation\Bootstrap\HandleExceptions.php(118): Illuminate\Foundation\Bootstrap\HandleExceptions->fatalExceptionFromError()
#2 C:\wamp\www\laravel_stored_procedure\vendor\laravel\framework\src\Illuminate\Foundation\Bootstrap\HandleExceptions.php(0): Illuminate\Foundation\Bootstrap\HandleExceptions->handleShutdown()
#3 C:\wamp\www\laravel_stored_procedure\vendor\laravel\framework\src\Illuminate\Routing\Route.php(158): App\Providers\RouteServiceProvider->{closure:C:\wamp\www\laravel_stored_procedure\app\Http\routes.php:13-24}()
#4 C:\wamp\www\laravel_stored_procedure\vendor\laravel\framework\src\Illuminate\Routing\Route.php(158): call_user_func_array:{C:\wamp\www\laravel_stored_procedure\vendor\laravel\framework\src\Illuminate\Routing\Route.php:158}()
#5 C:\wamp\www\laravel_stored_procedure\vendor\laravel\framework\src\Illuminate\Routing\Route.php(137): Illuminate\Routing\Route->runCallable()
#6 C:\wamp\www\laravel_stored_procedure\vendor\laravel\framework\src\Illuminate\Routing\Router.php(724): Illuminate\Routing\Route->run()
#7 C:\wamp\www\laravel_stored_procedure\vendor\laravel\framework\src\Illuminate\Routing\Pipeline.php(52): Illuminate\Routing\Router->Illuminate\Routing\{closure}()
#8 C:\wamp\www\laravel_stored_procedure\vendor\laravel\framework\src\Illuminate\Routing\Pipeline.php(52): call_user_func:{C:\wamp\www\laravel_stored_procedure\vendor\laravel\framework\src\Illuminate\Routing\Pipeline.php:52}()
#9 C:\wamp\www\laravel_stored_procedure\vendor\laravel\framework\src\Illuminate\Foundation\Http\Middleware\VerifyCsrfToken.php(64): Illuminate\Routing\Pipeline->Illuminate\Routing\{closure}()
#10 C:\wamp\www\laravel_stored_procedure\vendor\laravel\framework\src\Illuminate\Pipeline\Pipeline.php(124): Illuminate\Foundation\Http\Middleware\VerifyCsrfToken->handle()
#11 C:\wamp\www\laravel_stored_procedure\vendor\laravel\framework\src\Illuminate\Pipeline\Pipeline.php(124): call_user_func_array:{C:\wamp\www\laravel_stored_procedure\vendor\laravel\framework\src\Illuminate\Pipeline\Pipeline.php:124}()
#12 C:\wamp\www\laravel_stored_procedure\vendor\laravel\framework\src\Illuminate\Routing\Pipeline.php(32): Illuminate\Pipeline\Pipeline->Illuminate\Pipeline\{closure}()
#13 C:\wamp\www\laravel_stored_procedure\vendor\laravel\framework\src\Illuminate\Routing\Pipeline.php(32): call_user_func:{C:\wamp\www\laravel_stored_procedure\vendor\laravel\framework\src\Illuminate\Routing\Pipeline.php:32}()
#14 C:\wamp\www\laravel_stored_procedure\vendor\laravel\framework\src\Illuminate\View\Middleware\ShareErrorsFromSession.php(49): Illuminate\Routing\Pipeline->Illuminate\Routing\{closure}()
#15 C:\wamp\www\laravel_stored_procedure\vendor\laravel\framework\src\Illuminate\Pipeline\Pipeline.php(124): Illuminate\View\Middleware\ShareErrorsFromSession->handle()
#16 C:\wamp\www\laravel_stored_procedure\vendor\laravel\framework\src\Illuminate\Pipeline\Pipeline.php(124): call_user_func_array:{C:\wamp\www\laravel_stored_procedure\vendor\laravel\framework\src\Illuminate\Pipeline\Pipeline.php:124}()
#17 C:\wamp\www\laravel_stored_procedure\vendor\laravel\framework\src\Illuminate\Routing\Pipeline.php(32): Illuminate\Pipeline\Pipeline->Illuminate\Pipeline\{closure}()
#18 C:\wamp\www\laravel_stored_procedure\vendor\laravel\framework\src\Illuminate\Routing\Pipeline.php(32): call_user_func:{C:\wamp\www\laravel_stored_procedure\vendor\laravel\framework\src\Illuminate\Routing\Pipeline.php:32}()
#19 C:\wamp\www\laravel_stored_procedure\vendor\laravel\framework\src\Illuminate\Session\Middleware\StartSession.php(62): Illuminate\Routing\Pipeline->Illuminate\Routing\{closure}()
#20 C:\wamp\www\laravel_stored_procedure\vendor\laravel\framework\src\Illuminate\Pipeline\Pipeline.php(124): Illuminate\Session\Middleware\StartSession->handle()
#21 C:\wamp\www\laravel_stored_procedure\vendor\laravel\framework\src\Illuminate\Pipeline\Pipeline.php(124): call_user_func_array:{C:\wamp\www\laravel_stored_procedure\vendor\laravel\framework\src\Illuminate\Pipeline\Pipeline.php:124}()
#22 C:\wamp\www\laravel_stored_procedure\vendor\laravel\framework\src\Illuminate\Routing\Pipeline.php(32): Illuminate\Pipeline\Pipeline->Illuminate\Pipeline\{closure}()
#23 C:\wamp\www\laravel_stored_procedure\vendor\laravel\framework\src\Illuminate\Routing\Pipeline.php(32): call_user_func:{C:\wamp\www\laravel_stored_procedure\vendor\laravel\framework\src\Illuminate\Routing\Pipeline.php:32}()
#24 C:\wamp\www\laravel_stored_procedure\vendor\laravel\framework\src\Illuminate\Cookie\Middleware\AddQueuedCookiesToResponse.php(37): Illuminate\Routing\Pipeline->Illuminate\Routing\{closure}()
#25 C:\wamp\www\laravel_stored_procedure\vendor\laravel\framework\src\Illuminate\Pipeline\Pipeline.php(124): Illuminate\Cookie\Middleware\AddQueuedCookiesToResponse->handle()
#26 C:\wamp\www\laravel_stored_procedure\vendor\laravel\framework\src\Illuminate\Pipeline\Pipeline.php(124): call_user_func_array:{C:\wamp\www\laravel_stored_procedure\vendor\laravel\framework\src\Illuminate\Pipeline\Pipeline.php:124}()
#27 C:\wamp\www\laravel_stored_procedure\vendor\laravel\framework\src\Illuminate\Routing\Pipeline.php(32): Illuminate\Pipeline\Pipeline->Illuminate\Pipeline\{closure}()
#28 C:\wamp\www\laravel_stored_procedure\vendor\laravel\framework\src\Illuminate\Routing\Pipeline.php(32): call_user_func:{C:\wamp\www\laravel_stored_procedure\vendor\laravel\framework\src\Illuminate\Routing\Pipeline.php:32}()
#29 C:\wamp\www\laravel_stored_procedure\vendor\laravel\framework\src\Illuminate\Cookie\Middleware\EncryptCookies.php(59): Illuminate\Routing\Pipeline->Illuminate\Routing\{closure}()
#30 C:\wamp\www\laravel_stored_procedure\vendor\laravel\framework\src\Illuminate\Pipeline\Pipeline.php(124): Illuminate\Cookie\Middleware\EncryptCookies->handle()
#31 C:\wamp\www\laravel_stored_procedure\vendor\laravel\framework\src\Illuminate\Pipeline\Pipeline.php(124): call_user_func_array:{C:\wamp\www\laravel_stored_procedure\vendor\laravel\framework\src\Illuminate\Pipeline\Pipeline.php:124}()
#32 C:\wamp\www\laravel_stored_procedure\vendor\laravel\framework\src\Illuminate\Routing\Pipeline.php(32): Illuminate\Pipeline\Pipeline->Illuminate\Pipeline\{closure}()
#33 C:\wamp\www\laravel_stored_procedure\vendor\laravel\framework\src\Illuminate\Routing\Pipeline.php(32): call_user_func:{C:\wamp\www\laravel_stored_procedure\vendor\laravel\framework\src\Illuminate\Routing\Pipeline.php:32}()
#34 C:\wamp\www\laravel_stored_procedure\vendor\laravel\framework\src\Illuminate\Pipeline\Pipeline.php(103): Illuminate\Routing\Pipeline->Illuminate\Routing\{closure}()
#35 C:\wamp\www\laravel_stored_procedure\vendor\laravel\framework\src\Illuminate\Pipeline\Pipeline.php(103): call_user_func:{C:\wamp\www\laravel_stored_procedure\vendor\laravel\framework\src\Illuminate\Pipeline\Pipeline.php:103}()
#36 C:\wamp\www\laravel_stored_procedure\vendor\laravel\framework\src\Illuminate\Routing\Router.php(726): Illuminate\Pipeline\Pipeline->then()
#37 C:\wamp\www\laravel_stored_procedure\vendor\laravel\framework\src\Illuminate\Routing\Router.php(699): Illuminate\Routing\Router->runRouteWithinStack()
#38 C:\wamp\www\laravel_stored_procedure\vendor\laravel\framework\src\Illuminate\Routing\Router.php(675): Illuminate\Routing\Router->dispatchToRoute()
#39 C:\wamp\www\laravel_stored_procedure\vendor\laravel\framework\src\Illuminate\Foundation\Http\Kernel.php(246): Illuminate\Routing\Router->dispatch()
#40 C:\wamp\www\laravel_stored_procedure\vendor\laravel\framework\src\Illuminate\Routing\Pipeline.php(52): Illuminate\Foundation\Http\Kernel->Illuminate\Foundation\Http\{closure}()
#41 C:\wamp\www\laravel_stored_procedure\vendor\laravel\framework\src\Illuminate\Routing\Pipeline.php(52): call_user_func:{C:\wamp\www\laravel_stored_procedure\vendor\laravel\framework\src\Illuminate\Routing\Pipeline.php:52}()
#42 C:\wamp\www\laravel_stored_procedure\vendor\laravel\framework\src\Illuminate\Foundation\Http\Middleware\CheckForMaintenanceMode.php(44): Illuminate\Routing\Pipeline->Illuminate\Routing\{closure}()
#43 C:\wamp\www\laravel_stored_procedure\vendor\laravel\framework\src\Illuminate\Pipeline\Pipeline.php(124): Illuminate\Foundation\Http\Middleware\CheckForMaintenanceMode->handle()
#44 C:\wamp\www\laravel_stored_procedure\vendor\laravel\framework\src\Illuminate\Pipeline\Pipeline.php(124): call_user_func_array:{C:\wamp\www\laravel_stored_procedure\vendor\laravel\framework\src\Illuminate\Pipeline\Pipeline.php:124}()
#45 C:\wamp\www\laravel_stored_procedure\vendor\laravel\framework\src\Illuminate\Routing\Pipeline.php(32): Illuminate\Pipeline\Pipeline->Illuminate\Pipeline\{closure}()
#46 C:\wamp\www\laravel_stored_procedure\vendor\laravel\framework\src\Illuminate\Routing\Pipeline.php(32): call_user_func:{C:\wamp\www\laravel_stored_procedure\vendor\laravel\framework\src\Illuminate\Routing\Pipeline.php:32}()
#47 C:\wamp\www\laravel_stored_procedure\vendor\laravel\framework\src\Illuminate\Pipeline\Pipeline.php(103): Illuminate\Routing\Pipeline->Illuminate\Routing\{closure}()
#48 C:\wamp\www\laravel_stored_procedure\vendor\laravel\framework\src\Illuminate\Pipeline\Pipeline.php(103): call_user_func:{C:\wamp\www\laravel_stored_procedure\vendor\laravel\framework\src\Illuminate\Pipeline\Pipeline.php:103}()
#49 C:\wamp\www\laravel_stored_procedure\vendor\laravel\framework\src\Illuminate\Foundation\Http\Kernel.php(132): Illuminate\Pipeline\Pipeline->then()
#50 C:\wamp\www\laravel_stored_procedure\vendor\laravel\framework\src\Illuminate\Foundation\Http\Kernel.php(99): Illuminate\Foundation\Http\Kernel->sendRequestThroughRouter()
#51 C:\wamp\www\laravel_stored_procedure\public\index.php(54): Illuminate\Foundation\Http\Kernel->handle()
#52 C:\wamp\www\laravel_stored_procedure\public\index.php(0): {main}()
#53 {main}  
[2016-06-10 17:59:13] local.ERROR: exception 'Symfony\Component\Debug\Exception\FatalErrorException' with message 'Class 'Input' not found' in C:\wamp\www\laravel_stored_procedure\app\Http\routes.php:19
Stack trace:
#0 C:\wamp\www\laravel_stored_procedure\vendor\laravel\framework\src\Illuminate\Foundation\Bootstrap\HandleExceptions.php(133): Symfony\Component\Debug\Exception\FatalErrorException->__construct()
#1 C:\wamp\www\laravel_stored_procedure\vendor\laravel\framework\src\Illuminate\Foundation\Bootstrap\HandleExceptions.php(118): Illuminate\Foundation\Bootstrap\HandleExceptions->fatalExceptionFromError()
#2 C:\wamp\www\laravel_stored_procedure\vendor\laravel\framework\src\Illuminate\Foundation\Bootstrap\HandleExceptions.php(0): Illuminate\Foundation\Bootstrap\HandleExceptions->handleShutdown()
#3 C:\wamp\www\laravel_stored_procedure\vendor\laravel\framework\src\Illuminate\Routing\Route.php(158): App\Providers\RouteServiceProvider->{closure:C:\wamp\www\laravel_stored_procedure\app\Http\routes.php:14-25}()
#4 C:\wamp\www\laravel_stored_procedure\vendor\laravel\framework\src\Illuminate\Routing\Route.php(158): call_user_func_array:{C:\wamp\www\laravel_stored_procedure\vendor\laravel\framework\src\Illuminate\Routing\Route.php:158}()
#5 C:\wamp\www\laravel_stored_procedure\vendor\laravel\framework\src\Illuminate\Routing\Route.php(137): Illuminate\Routing\Route->runCallable()
#6 C:\wamp\www\laravel_stored_procedure\vendor\laravel\framework\src\Illuminate\Routing\Router.php(724): Illuminate\Routing\Route->run()
#7 C:\wamp\www\laravel_stored_procedure\vendor\laravel\framework\src\Illuminate\Routing\Pipeline.php(52): Illuminate\Routing\Router->Illuminate\Routing\{closure}()
#8 C:\wamp\www\laravel_stored_procedure\vendor\laravel\framework\src\Illuminate\Routing\Pipeline.php(52): call_user_func:{C:\wamp\www\laravel_stored_procedure\vendor\laravel\framework\src\Illuminate\Routing\Pipeline.php:52}()
#9 C:\wamp\www\laravel_stored_procedure\vendor\laravel\framework\src\Illuminate\Foundation\Http\Middleware\VerifyCsrfToken.php(64): Illuminate\Routing\Pipeline->Illuminate\Routing\{closure}()
#10 C:\wamp\www\laravel_stored_procedure\vendor\laravel\framework\src\Illuminate\Pipeline\Pipeline.php(124): Illuminate\Foundation\Http\Middleware\VerifyCsrfToken->handle()
#11 C:\wamp\www\laravel_stored_procedure\vendor\laravel\framework\src\Illuminate\Pipeline\Pipeline.php(124): call_user_func_array:{C:\wamp\www\laravel_stored_procedure\vendor\laravel\framework\src\Illuminate\Pipeline\Pipeline.php:124}()
#12 C:\wamp\www\laravel_stored_procedure\vendor\laravel\framework\src\Illuminate\Routing\Pipeline.php(32): Illuminate\Pipeline\Pipeline->Illuminate\Pipeline\{closure}()
#13 C:\wamp\www\laravel_stored_procedure\vendor\laravel\framework\src\Illuminate\Routing\Pipeline.php(32): call_user_func:{C:\wamp\www\laravel_stored_procedure\vendor\laravel\framework\src\Illuminate\Routing\Pipeline.php:32}()
#14 C:\wamp\www\laravel_stored_procedure\vendor\laravel\framework\src\Illuminate\View\Middleware\ShareErrorsFromSession.php(49): Illuminate\Routing\Pipeline->Illuminate\Routing\{closure}()
#15 C:\wamp\www\laravel_stored_procedure\vendor\laravel\framework\src\Illuminate\Pipeline\Pipeline.php(124): Illuminate\View\Middleware\ShareErrorsFromSession->handle()
#16 C:\wamp\www\laravel_stored_procedure\vendor\laravel\framework\src\Illuminate\Pipeline\Pipeline.php(124): call_user_func_array:{C:\wamp\www\laravel_stored_procedure\vendor\laravel\framework\src\Illuminate\Pipeline\Pipeline.php:124}()
#17 C:\wamp\www\laravel_stored_procedure\vendor\laravel\framework\src\Illuminate\Routing\Pipeline.php(32): Illuminate\Pipeline\Pipeline->Illuminate\Pipeline\{closure}()
#18 C:\wamp\www\laravel_stored_procedure\vendor\laravel\framework\src\Illuminate\Routing\Pipeline.php(32): call_user_func:{C:\wamp\www\laravel_stored_procedure\vendor\laravel\framework\src\Illuminate\Routing\Pipeline.php:32}()
#19 C:\wamp\www\laravel_stored_procedure\vendor\laravel\framework\src\Illuminate\Session\Middleware\StartSession.php(62): Illuminate\Routing\Pipeline->Illuminate\Routing\{closure}()
#20 C:\wamp\www\laravel_stored_procedure\vendor\laravel\framework\src\Illuminate\Pipeline\Pipeline.php(124): Illuminate\Session\Middleware\StartSession->handle()
#21 C:\wamp\www\laravel_stored_procedure\vendor\laravel\framework\src\Illuminate\Pipeline\Pipeline.php(124): call_user_func_array:{C:\wamp\www\laravel_stored_procedure\vendor\laravel\framework\src\Illuminate\Pipeline\Pipeline.php:124}()
#22 C:\wamp\www\laravel_stored_procedure\vendor\laravel\framework\src\Illuminate\Routing\Pipeline.php(32): Illuminate\Pipeline\Pipeline->Illuminate\Pipeline\{closure}()
#23 C:\wamp\www\laravel_stored_procedure\vendor\laravel\framework\src\Illuminate\Routing\Pipeline.php(32): call_user_func:{C:\wamp\www\laravel_stored_procedure\vendor\laravel\framework\src\Illuminate\Routing\Pipeline.php:32}()
#24 C:\wamp\www\laravel_stored_procedure\vendor\laravel\framework\src\Illuminate\Cookie\Middleware\AddQueuedCookiesToResponse.php(37): Illuminate\Routing\Pipeline->Illuminate\Routing\{closure}()
#25 C:\wamp\www\laravel_stored_procedure\vendor\laravel\framework\src\Illuminate\Pipeline\Pipeline.php(124): Illuminate\Cookie\Middleware\AddQueuedCookiesToResponse->handle()
#26 C:\wamp\www\laravel_stored_procedure\vendor\laravel\framework\src\Illuminate\Pipeline\Pipeline.php(124): call_user_func_array:{C:\wamp\www\laravel_stored_procedure\vendor\laravel\framework\src\Illuminate\Pipeline\Pipeline.php:124}()
#27 C:\wamp\www\laravel_stored_procedure\vendor\laravel\framework\src\Illuminate\Routing\Pipeline.php(32): Illuminate\Pipeline\Pipeline->Illuminate\Pipeline\{closure}()
#28 C:\wamp\www\laravel_stored_procedure\vendor\laravel\framework\src\Illuminate\Routing\Pipeline.php(32): call_user_func:{C:\wamp\www\laravel_stored_procedure\vendor\laravel\framework\src\Illuminate\Routing\Pipeline.php:32}()
#29 C:\wamp\www\laravel_stored_procedure\vendor\laravel\framework\src\Illuminate\Cookie\Middleware\EncryptCookies.php(59): Illuminate\Routing\Pipeline->Illuminate\Routing\{closure}()
#30 C:\wamp\www\laravel_stored_procedure\vendor\laravel\framework\src\Illuminate\Pipeline\Pipeline.php(124): Illuminate\Cookie\Middleware\EncryptCookies->handle()
#31 C:\wamp\www\laravel_stored_procedure\vendor\laravel\framework\src\Illuminate\Pipeline\Pipeline.php(124): call_user_func_array:{C:\wamp\www\laravel_stored_procedure\vendor\laravel\framework\src\Illuminate\Pipeline\Pipeline.php:124}()
#32 C:\wamp\www\laravel_stored_procedure\vendor\laravel\framework\src\Illuminate\Routing\Pipeline.php(32): Illuminate\Pipeline\Pipeline->Illuminate\Pipeline\{closure}()
#33 C:\wamp\www\laravel_stored_procedure\vendor\laravel\framework\src\Illuminate\Routing\Pipeline.php(32): call_user_func:{C:\wamp\www\laravel_stored_procedure\vendor\laravel\framework\src\Illuminate\Routing\Pipeline.php:32}()
#34 C:\wamp\www\laravel_stored_procedure\vendor\laravel\framework\src\Illuminate\Pipeline\Pipeline.php(103): Illuminate\Routing\Pipeline->Illuminate\Routing\{closure}()
#35 C:\wamp\www\laravel_stored_procedure\vendor\laravel\framework\src\Illuminate\Pipeline\Pipeline.php(103): call_user_func:{C:\wamp\www\laravel_stored_procedure\vendor\laravel\framework\src\Illuminate\Pipeline\Pipeline.php:103}()
#36 C:\wamp\www\laravel_stored_procedure\vendor\laravel\framework\src\Illuminate\Routing\Router.php(726): Illuminate\Pipeline\Pipeline->then()
#37 C:\wamp\www\laravel_stored_procedure\vendor\laravel\framework\src\Illuminate\Routing\Router.php(699): Illuminate\Routing\Router->runRouteWithinStack()
#38 C:\wamp\www\laravel_stored_procedure\vendor\laravel\framework\src\Illuminate\Routing\Router.php(675): Illuminate\Routing\Router->dispatchToRoute()
#39 C:\wamp\www\laravel_stored_procedure\vendor\laravel\framework\src\Illuminate\Foundation\Http\Kernel.php(246): Illuminate\Routing\Router->dispatch()
#40 C:\wamp\www\laravel_stored_procedure\vendor\laravel\framework\src\Illuminate\Routing\Pipeline.php(52): Illuminate\Foundation\Http\Kernel->Illuminate\Foundation\Http\{closure}()
#41 C:\wamp\www\laravel_stored_procedure\vendor\laravel\framework\src\Illuminate\Routing\Pipeline.php(52): call_user_func:{C:\wamp\www\laravel_stored_procedure\vendor\laravel\framework\src\Illuminate\Routing\Pipeline.php:52}()
#42 C:\wamp\www\laravel_stored_procedure\vendor\laravel\framework\src\Illuminate\Foundation\Http\Middleware\CheckForMaintenanceMode.php(44): Illuminate\Routing\Pipeline->Illuminate\Routing\{closure}()
#43 C:\wamp\www\laravel_stored_procedure\vendor\laravel\framework\src\Illuminate\Pipeline\Pipeline.php(124): Illuminate\Foundation\Http\Middleware\CheckForMaintenanceMode->handle()
#44 C:\wamp\www\laravel_stored_procedure\vendor\laravel\framework\src\Illuminate\Pipeline\Pipeline.php(124): call_user_func_array:{C:\wamp\www\laravel_stored_procedure\vendor\laravel\framework\src\Illuminate\Pipeline\Pipeline.php:124}()
#45 C:\wamp\www\laravel_stored_procedure\vendor\laravel\framework\src\Illuminate\Routing\Pipeline.php(32): Illuminate\Pipeline\Pipeline->Illuminate\Pipeline\{closure}()
#46 C:\wamp\www\laravel_stored_procedure\vendor\laravel\framework\src\Illuminate\Routing\Pipeline.php(32): call_user_func:{C:\wamp\www\laravel_stored_procedure\vendor\laravel\framework\src\Illuminate\Routing\Pipeline.php:32}()
#47 C:\wamp\www\laravel_stored_procedure\vendor\laravel\framework\src\Illuminate\Pipeline\Pipeline.php(103): Illuminate\Routing\Pipeline->Illuminate\Routing\{closure}()
#48 C:\wamp\www\laravel_stored_procedure\vendor\laravel\framework\src\Illuminate\Pipeline\Pipeline.php(103): call_user_func:{C:\wamp\www\laravel_stored_procedure\vendor\laravel\framework\src\Illuminate\Pipeline\Pipeline.php:103}()
#49 C:\wamp\www\laravel_stored_procedure\vendor\laravel\framework\src\Illuminate\Foundation\Http\Kernel.php(132): Illuminate\Pipeline\Pipeline->then()
#50 C:\wamp\www\laravel_stored_procedure\vendor\laravel\framework\src\Illuminate\Foundation\Http\Kernel.php(99): Illuminate\Foundation\Http\Kernel->sendRequestThroughRouter()
#51 C:\wamp\www\laravel_stored_procedure\public\index.php(54): Illuminate\Foundation\Http\Kernel->handle()
#52 C:\wamp\www\laravel_stored_procedure\public\index.php(0): {main}()
#53 {main}  
[2016-06-10 18:02:46] local.ERROR: exception 'Symfony\Component\Debug\Exception\FatalErrorException' with message 'Class 'Input' not found' in C:\wamp\www\laravel_stored_procedure\app\Http\routes.php:19
Stack trace:
#0 C:\wamp\www\laravel_stored_procedure\vendor\laravel\framework\src\Illuminate\Foundation\Bootstrap\HandleExceptions.php(133): Symfony\Component\Debug\Exception\FatalErrorException->__construct()
#1 C:\wamp\www\laravel_stored_procedure\vendor\laravel\framework\src\Illuminate\Foundation\Bootstrap\HandleExceptions.php(118): Illuminate\Foundation\Bootstrap\HandleExceptions->fatalExceptionFromError()
#2 C:\wamp\www\laravel_stored_procedure\vendor\laravel\framework\src\Illuminate\Foundation\Bootstrap\HandleExceptions.php(0): Illuminate\Foundation\Bootstrap\HandleExceptions->handleShutdown()
#3 C:\wamp\www\laravel_stored_procedure\vendor\laravel\framework\src\Illuminate\Routing\Route.php(158): App\Providers\RouteServiceProvider->{closure:C:\wamp\www\laravel_stored_procedure\app\Http\routes.php:14-25}()
#4 C:\wamp\www\laravel_stored_procedure\vendor\laravel\framework\src\Illuminate\Routing\Route.php(158): call_user_func_array:{C:\wamp\www\laravel_stored_procedure\vendor\laravel\framework\src\Illuminate\Routing\Route.php:158}()
#5 C:\wamp\www\laravel_stored_procedure\vendor\laravel\framework\src\Illuminate\Routing\Route.php(137): Illuminate\Routing\Route->runCallable()
#6 C:\wamp\www\laravel_stored_procedure\vendor\laravel\framework\src\Illuminate\Routing\Router.php(724): Illuminate\Routing\Route->run()
#7 C:\wamp\www\laravel_stored_procedure\vendor\laravel\framework\src\Illuminate\Routing\Pipeline.php(52): Illuminate\Routing\Router->Illuminate\Routing\{closure}()
#8 C:\wamp\www\laravel_stored_procedure\vendor\laravel\framework\src\Illuminate\Routing\Pipeline.php(52): call_user_func:{C:\wamp\www\laravel_stored_procedure\vendor\laravel\framework\src\Illuminate\Routing\Pipeline.php:52}()
#9 C:\wamp\www\laravel_stored_procedure\vendor\laravel\framework\src\Illuminate\Foundation\Http\Middleware\VerifyCsrfToken.php(64): Illuminate\Routing\Pipeline->Illuminate\Routing\{closure}()
#10 C:\wamp\www\laravel_stored_procedure\vendor\laravel\framework\src\Illuminate\Pipeline\Pipeline.php(124): Illuminate\Foundation\Http\Middleware\VerifyCsrfToken->handle()
#11 C:\wamp\www\laravel_stored_procedure\vendor\laravel\framework\src\Illuminate\Pipeline\Pipeline.php(124): call_user_func_array:{C:\wamp\www\laravel_stored_procedure\vendor\laravel\framework\src\Illuminate\Pipeline\Pipeline.php:124}()
#12 C:\wamp\www\laravel_stored_procedure\vendor\laravel\framework\src\Illuminate\Routing\Pipeline.php(32): Illuminate\Pipeline\Pipeline->Illuminate\Pipeline\{closure}()
#13 C:\wamp\www\laravel_stored_procedure\vendor\laravel\framework\src\Illuminate\Routing\Pipeline.php(32): call_user_func:{C:\wamp\www\laravel_stored_procedure\vendor\laravel\framework\src\Illuminate\Routing\Pipeline.php:32}()
#14 C:\wamp\www\laravel_stored_procedure\vendor\laravel\framework\src\Illuminate\View\Middleware\ShareErrorsFromSession.php(49): Illuminate\Routing\Pipeline->Illuminate\Routing\{closure}()
#15 C:\wamp\www\laravel_stored_procedure\vendor\laravel\framework\src\Illuminate\Pipeline\Pipeline.php(124): Illuminate\View\Middleware\ShareErrorsFromSession->handle()
#16 C:\wamp\www\laravel_stored_procedure\vendor\laravel\framework\src\Illuminate\Pipeline\Pipeline.php(124): call_user_func_array:{C:\wamp\www\laravel_stored_procedure\vendor\laravel\framework\src\Illuminate\Pipeline\Pipeline.php:124}()
#17 C:\wamp\www\laravel_stored_procedure\vendor\laravel\framework\src\Illuminate\Routing\Pipeline.php(32): Illuminate\Pipeline\Pipeline->Illuminate\Pipeline\{closure}()
#18 C:\wamp\www\laravel_stored_procedure\vendor\laravel\framework\src\Illuminate\Routing\Pipeline.php(32): call_user_func:{C:\wamp\www\laravel_stored_procedure\vendor\laravel\framework\src\Illuminate\Routing\Pipeline.php:32}()
#19 C:\wamp\www\laravel_stored_procedure\vendor\laravel\framework\src\Illuminate\Session\Middleware\StartSession.php(62): Illuminate\Routing\Pipeline->Illuminate\Routing\{closure}()
#20 C:\wamp\www\laravel_stored_procedure\vendor\laravel\framework\src\Illuminate\Pipeline\Pipeline.php(124): Illuminate\Session\Middleware\StartSession->handle()
#21 C:\wamp\www\laravel_stored_procedure\vendor\laravel\framework\src\Illuminate\Pipeline\Pipeline.php(124): call_user_func_array:{C:\wamp\www\laravel_stored_procedure\vendor\laravel\framework\src\Illuminate\Pipeline\Pipeline.php:124}()
#22 C:\wamp\www\laravel_stored_procedure\vendor\laravel\framework\src\Illuminate\Routing\Pipeline.php(32): Illuminate\Pipeline\Pipeline->Illuminate\Pipeline\{closure}()
#23 C:\wamp\www\laravel_stored_procedure\vendor\laravel\framework\src\Illuminate\Routing\Pipeline.php(32): call_user_func:{C:\wamp\www\laravel_stored_procedure\vendor\laravel\framework\src\Illuminate\Routing\Pipeline.php:32}()
#24 C:\wamp\www\laravel_stored_procedure\vendor\laravel\framework\src\Illuminate\Cookie\Middleware\AddQueuedCookiesToResponse.php(37): Illuminate\Routing\Pipeline->Illuminate\Routing\{closure}()
#25 C:\wamp\www\laravel_stored_procedure\vendor\laravel\framework\src\Illuminate\Pipeline\Pipeline.php(124): Illuminate\Cookie\Middleware\AddQueuedCookiesToResponse->handle()
#26 C:\wamp\www\laravel_stored_procedure\vendor\laravel\framework\src\Illuminate\Pipeline\Pipeline.php(124): call_user_func_array:{C:\wamp\www\laravel_stored_procedure\vendor\laravel\framework\src\Illuminate\Pipeline\Pipeline.php:124}()
#27 C:\wamp\www\laravel_stored_procedure\vendor\laravel\framework\src\Illuminate\Routing\Pipeline.php(32): Illuminate\Pipeline\Pipeline->Illuminate\Pipeline\{closure}()
#28 C:\wamp\www\laravel_stored_procedure\vendor\laravel\framework\src\Illuminate\Routing\Pipeline.php(32): call_user_func:{C:\wamp\www\laravel_stored_procedure\vendor\laravel\framework\src\Illuminate\Routing\Pipeline.php:32}()
#29 C:\wamp\www\laravel_stored_procedure\vendor\laravel\framework\src\Illuminate\Cookie\Middleware\EncryptCookies.php(59): Illuminate\Routing\Pipeline->Illuminate\Routing\{closure}()
#30 C:\wamp\www\laravel_stored_procedure\vendor\laravel\framework\src\Illuminate\Pipeline\Pipeline.php(124): Illuminate\Cookie\Middleware\EncryptCookies->handle()
#31 C:\wamp\www\laravel_stored_procedure\vendor\laravel\framework\src\Illuminate\Pipeline\Pipeline.php(124): call_user_func_array:{C:\wamp\www\laravel_stored_procedure\vendor\laravel\framework\src\Illuminate\Pipeline\Pipeline.php:124}()
#32 C:\wamp\www\laravel_stored_procedure\vendor\laravel\framework\src\Illuminate\Routing\Pipeline.php(32): Illuminate\Pipeline\Pipeline->Illuminate\Pipeline\{closure}()
#33 C:\wamp\www\laravel_stored_procedure\vendor\laravel\framework\src\Illuminate\Routing\Pipeline.php(32): call_user_func:{C:\wamp\www\laravel_stored_procedure\vendor\laravel\framework\src\Illuminate\Routing\Pipeline.php:32}()
#34 C:\wamp\www\laravel_stored_procedure\vendor\laravel\framework\src\Illuminate\Pipeline\Pipeline.php(103): Illuminate\Routing\Pipeline->Illuminate\Routing\{closure}()
#35 C:\wamp\www\laravel_stored_procedure\vendor\laravel\framework\src\Illuminate\Pipeline\Pipeline.php(103): call_user_func:{C:\wamp\www\laravel_stored_procedure\vendor\laravel\framework\src\Illuminate\Pipeline\Pipeline.php:103}()
#36 C:\wamp\www\laravel_stored_procedure\vendor\laravel\framework\src\Illuminate\Routing\Router.php(726): Illuminate\Pipeline\Pipeline->then()
#37 C:\wamp\www\laravel_stored_procedure\vendor\laravel\framework\src\Illuminate\Routing\Router.php(699): Illuminate\Routing\Router->runRouteWithinStack()
#38 C:\wamp\www\laravel_stored_procedure\vendor\laravel\framework\src\Illuminate\Routing\Router.php(675): Illuminate\Routing\Router->dispatchToRoute()
#39 C:\wamp\www\laravel_stored_procedure\vendor\laravel\framework\src\Illuminate\Foundation\Http\Kernel.php(246): Illuminate\Routing\Router->dispatch()
#40 C:\wamp\www\laravel_stored_procedure\vendor\laravel\framework\src\Illuminate\Routing\Pipeline.php(52): Illuminate\Foundation\Http\Kernel->Illuminate\Foundation\Http\{closure}()
#41 C:\wamp\www\laravel_stored_procedure\vendor\laravel\framework\src\Illuminate\Routing\Pipeline.php(52): call_user_func:{C:\wamp\www\laravel_stored_procedure\vendor\laravel\framework\src\Illuminate\Routing\Pipeline.php:52}()
#42 C:\wamp\www\laravel_stored_procedure\vendor\laravel\framework\src\Illuminate\Foundation\Http\Middleware\CheckForMaintenanceMode.php(44): Illuminate\Routing\Pipeline->Illuminate\Routing\{closure}()
#43 C:\wamp\www\laravel_stored_procedure\vendor\laravel\framework\src\Illuminate\Pipeline\Pipeline.php(124): Illuminate\Foundation\Http\Middleware\CheckForMaintenanceMode->handle()
#44 C:\wamp\www\laravel_stored_procedure\vendor\laravel\framework\src\Illuminate\Pipeline\Pipeline.php(124): call_user_func_array:{C:\wamp\www\laravel_stored_procedure\vendor\laravel\framework\src\Illuminate\Pipeline\Pipeline.php:124}()
#45 C:\wamp\www\laravel_stored_procedure\vendor\laravel\framework\src\Illuminate\Routing\Pipeline.php(32): Illuminate\Pipeline\Pipeline->Illuminate\Pipeline\{closure}()
#46 C:\wamp\www\laravel_stored_procedure\vendor\laravel\framework\src\Illuminate\Routing\Pipeline.php(32): call_user_func:{C:\wamp\www\laravel_stored_procedure\vendor\laravel\framework\src\Illuminate\Routing\Pipeline.php:32}()
#47 C:\wamp\www\laravel_stored_procedure\vendor\laravel\framework\src\Illuminate\Pipeline\Pipeline.php(103): Illuminate\Routing\Pipeline->Illuminate\Routing\{closure}()
#48 C:\wamp\www\laravel_stored_procedure\vendor\laravel\framework\src\Illuminate\Pipeline\Pipeline.php(103): call_user_func:{C:\wamp\www\laravel_stored_procedure\vendor\laravel\framework\src\Illuminate\Pipeline\Pipeline.php:103}()
#49 C:\wamp\www\laravel_stored_procedure\vendor\laravel\framework\src\Illuminate\Foundation\Http\Kernel.php(132): Illuminate\Pipeline\Pipeline->then()
#50 C:\wamp\www\laravel_stored_procedure\vendor\laravel\framework\src\Illuminate\Foundation\Http\Kernel.php(99): Illuminate\Foundation\Http\Kernel->sendRequestThroughRouter()
#51 C:\wamp\www\laravel_stored_procedure\public\index.php(54): Illuminate\Foundation\Http\Kernel->handle()
#52 C:\wamp\www\laravel_stored_procedure\public\index.php(0): {main}()
#53 {main}  
[2016-06-10 18:04:07] local.ERROR: exception 'ErrorException' with message 'The use statement with non-compound name 'DB' has no effect' in C:\wamp\www\laravel_stored_procedure\app\Http\routes.php:7
Stack trace:
#0 C:\wamp\www\laravel_stored_procedure\app\Providers\RouteServiceProvider.php(41): Illuminate\Foundation\Bootstrap\HandleExceptions->handleError(2, 'The use stateme...', 'C:\\wamp\\www\\lar...', 7, Array)
#1 C:\wamp\www\laravel_stored_procedure\app\Providers\RouteServiceProvider.php(41): App\Providers\RouteServiceProvider::App\Providers\{closure}()
#2 [internal function]: App\Providers\RouteServiceProvider->App\Providers\{closure}(Object(Illuminate\Routing\Router))
#3 C:\wamp\www\laravel_stored_procedure\vendor\laravel\framework\src\Illuminate\Routing\Router.php(398): call_user_func(Object(Closure), Object(Illuminate\Routing\Router))
#4 C:\wamp\www\laravel_stored_procedure\app\Providers\RouteServiceProvider.php(42): Illuminate\Routing\Router->group(Array, Object(Closure))
#5 [internal function]: App\Providers\RouteServiceProvider->map(Object(Illuminate\Routing\Router))
#6 C:\wamp\www\laravel_stored_procedure\vendor\laravel\framework\src\Illuminate\Container\Container.php(507): call_user_func_array(Array, Array)
#7 C:\wamp\www\laravel_stored_procedure\vendor\laravel\framework\src\Illuminate\Foundation\Support\Providers\RouteServiceProvider.php(72): Illuminate\Container\Container->call(Array)
#8 C:\wamp\www\laravel_stored_procedure\vendor\laravel\framework\src\Illuminate\Foundation\Support\Providers\RouteServiceProvider.php(31): Illuminate\Foundation\Support\Providers\RouteServiceProvider->loadRoutes()
#9 C:\wamp\www\laravel_stored_procedure\app\Providers\RouteServiceProvider.php(29): Illuminate\Foundation\Support\Providers\RouteServiceProvider->boot(Object(Illuminate\Routing\Router))
#10 [internal function]: App\Providers\RouteServiceProvider->boot(Object(Illuminate\Routing\Router))
#11 C:\wamp\www\laravel_stored_procedure\vendor\laravel\framework\src\Illuminate\Container\Container.php(507): call_user_func_array(Array, Array)
#12 C:\wamp\www\laravel_stored_procedure\vendor\laravel\framework\src\Illuminate\Foundation\Application.php(747): Illuminate\Container\Container->call(Array)
#13 C:\wamp\www\laravel_stored_procedure\vendor\laravel\framework\src\Illuminate\Foundation\Application.php(730): Illuminate\Foundation\Application->bootProvider(Object(App\Providers\RouteServiceProvider))
#14 [internal function]: Illuminate\Foundation\Application->Illuminate\Foundation\{closure}(Object(App\Providers\RouteServiceProvider), 14)
#15 C:\wamp\www\laravel_stored_procedure\vendor\laravel\framework\src\Illuminate\Foundation\Application.php(731): array_walk(Array, Object(Closure))
#16 C:\wamp\www\laravel_stored_procedure\vendor\laravel\framework\src\Illuminate\Foundation\Bootstrap\BootProviders.php(17): Illuminate\Foundation\Application->boot()
#17 C:\wamp\www\laravel_stored_procedure\vendor\laravel\framework\src\Illuminate\Foundation\Application.php(203): Illuminate\Foundation\Bootstrap\BootProviders->bootstrap(Object(Illuminate\Foundation\Application))
#18 C:\wamp\www\laravel_stored_procedure\vendor\laravel\framework\src\Illuminate\Foundation\Http\Kernel.php(232): Illuminate\Foundation\Application->bootstrapWith(Array)
#19 C:\wamp\www\laravel_stored_procedure\vendor\laravel\framework\src\Illuminate\Foundation\Http\Kernel.php(127): Illuminate\Foundation\Http\Kernel->bootstrap()
#20 C:\wamp\www\laravel_stored_procedure\vendor\laravel\framework\src\Illuminate\Foundation\Http\Kernel.php(99): Illuminate\Foundation\Http\Kernel->sendRequestThroughRouter(Object(Illuminate\Http\Request))
#21 C:\wamp\www\laravel_stored_procedure\public\index.php(54): Illuminate\Foundation\Http\Kernel->handle(Object(Illuminate\Http\Request))
#22 {main}  
[2016-06-10 18:04:28] local.ERROR: exception 'Symfony\Component\Debug\Exception\FatalErrorException' with message 'Class 'Symfony\Console\Input' not found' in C:\wamp\www\laravel_stored_procedure\app\Http\routes.php:20
Stack trace:
#0 C:\wamp\www\laravel_stored_procedure\vendor\laravel\framework\src\Illuminate\Foundation\Bootstrap\HandleExceptions.php(133): Symfony\Component\Debug\Exception\FatalErrorException->__construct()
#1 C:\wamp\www\laravel_stored_procedure\vendor\laravel\framework\src\Illuminate\Foundation\Bootstrap\HandleExceptions.php(118): Illuminate\Foundation\Bootstrap\HandleExceptions->fatalExceptionFromError()
#2 C:\wamp\www\laravel_stored_procedure\vendor\laravel\framework\src\Illuminate\Foundation\Bootstrap\HandleExceptions.php(0): Illuminate\Foundation\Bootstrap\HandleExceptions->handleShutdown()
#3 C:\wamp\www\laravel_stored_procedure\vendor\laravel\framework\src\Illuminate\Routing\Route.php(158): App\Providers\RouteServiceProvider->{closure:C:\wamp\www\laravel_stored_procedure\app\Http\routes.php:15-26}()
#4 C:\wamp\www\laravel_stored_procedure\vendor\laravel\framework\src\Illuminate\Routing\Route.php(158): call_user_func_array:{C:\wamp\www\laravel_stored_procedure\vendor\laravel\framework\src\Illuminate\Routing\Route.php:158}()
#5 C:\wamp\www\laravel_stored_procedure\vendor\laravel\framework\src\Illuminate\Routing\Route.php(137): Illuminate\Routing\Route->runCallable()
#6 C:\wamp\www\laravel_stored_procedure\vendor\laravel\framework\src\Illuminate\Routing\Router.php(724): Illuminate\Routing\Route->run()
#7 C:\wamp\www\laravel_stored_procedure\vendor\laravel\framework\src\Illuminate\Routing\Pipeline.php(52): Illuminate\Routing\Router->Illuminate\Routing\{closure}()
#8 C:\wamp\www\laravel_stored_procedure\vendor\laravel\framework\src\Illuminate\Routing\Pipeline.php(52): call_user_func:{C:\wamp\www\laravel_stored_procedure\vendor\laravel\framework\src\Illuminate\Routing\Pipeline.php:52}()
#9 C:\wamp\www\laravel_stored_procedure\vendor\laravel\framework\src\Illuminate\Foundation\Http\Middleware\VerifyCsrfToken.php(64): Illuminate\Routing\Pipeline->Illuminate\Routing\{closure}()
#10 C:\wamp\www\laravel_stored_procedure\vendor\laravel\framework\src\Illuminate\Pipeline\Pipeline.php(124): Illuminate\Foundation\Http\Middleware\VerifyCsrfToken->handle()
#11 C:\wamp\www\laravel_stored_procedure\vendor\laravel\framework\src\Illuminate\Pipeline\Pipeline.php(124): call_user_func_array:{C:\wamp\www\laravel_stored_procedure\vendor\laravel\framework\src\Illuminate\Pipeline\Pipeline.php:124}()
#12 C:\wamp\www\laravel_stored_procedure\vendor\laravel\framework\src\Illuminate\Routing\Pipeline.php(32): Illuminate\Pipeline\Pipeline->Illuminate\Pipeline\{closure}()
#13 C:\wamp\www\laravel_stored_procedure\vendor\laravel\framework\src\Illuminate\Routing\Pipeline.php(32): call_user_func:{C:\wamp\www\laravel_stored_procedure\vendor\laravel\framework\src\Illuminate\Routing\Pipeline.php:32}()
#14 C:\wamp\www\laravel_stored_procedure\vendor\laravel\framework\src\Illuminate\View\Middleware\ShareErrorsFromSession.php(49): Illuminate\Routing\Pipeline->Illuminate\Routing\{closure}()
#15 C:\wamp\www\laravel_stored_procedure\vendor\laravel\framework\src\Illuminate\Pipeline\Pipeline.php(124): Illuminate\View\Middleware\ShareErrorsFromSession->handle()
#16 C:\wamp\www\laravel_stored_procedure\vendor\laravel\framework\src\Illuminate\Pipeline\Pipeline.php(124): call_user_func_array:{C:\wamp\www\laravel_stored_procedure\vendor\laravel\framework\src\Illuminate\Pipeline\Pipeline.php:124}()
#17 C:\wamp\www\laravel_stored_procedure\vendor\laravel\framework\src\Illuminate\Routing\Pipeline.php(32): Illuminate\Pipeline\Pipeline->Illuminate\Pipeline\{closure}()
#18 C:\wamp\www\laravel_stored_procedure\vendor\laravel\framework\src\Illuminate\Routing\Pipeline.php(32): call_user_func:{C:\wamp\www\laravel_stored_procedure\vendor\laravel\framework\src\Illuminate\Routing\Pipeline.php:32}()
#19 C:\wamp\www\laravel_stored_procedure\vendor\laravel\framework\src\Illuminate\Session\Middleware\StartSession.php(62): Illuminate\Routing\Pipeline->Illuminate\Routing\{closure}()
#20 C:\wamp\www\laravel_stored_procedure\vendor\laravel\framework\src\Illuminate\Pipeline\Pipeline.php(124): Illuminate\Session\Middleware\StartSession->handle()
#21 C:\wamp\www\laravel_stored_procedure\vendor\laravel\framework\src\Illuminate\Pipeline\Pipeline.php(124): call_user_func_array:{C:\wamp\www\laravel_stored_procedure\vendor\laravel\framework\src\Illuminate\Pipeline\Pipeline.php:124}()
#22 C:\wamp\www\laravel_stored_procedure\vendor\laravel\framework\src\Illuminate\Routing\Pipeline.php(32): Illuminate\Pipeline\Pipeline->Illuminate\Pipeline\{closure}()
#23 C:\wamp\www\laravel_stored_procedure\vendor\laravel\framework\src\Illuminate\Routing\Pipeline.php(32): call_user_func:{C:\wamp\www\laravel_stored_procedure\vendor\laravel\framework\src\Illuminate\Routing\Pipeline.php:32}()
#24 C:\wamp\www\laravel_stored_procedure\vendor\laravel\framework\src\Illuminate\Cookie\Middleware\AddQueuedCookiesToResponse.php(37): Illuminate\Routing\Pipeline->Illuminate\Routing\{closure}()
#25 C:\wamp\www\laravel_stored_procedure\vendor\laravel\framework\src\Illuminate\Pipeline\Pipeline.php(124): Illuminate\Cookie\Middleware\AddQueuedCookiesToResponse->handle()
#26 C:\wamp\www\laravel_stored_procedure\vendor\laravel\framework\src\Illuminate\Pipeline\Pipeline.php(124): call_user_func_array:{C:\wamp\www\laravel_stored_procedure\vendor\laravel\framework\src\Illuminate\Pipeline\Pipeline.php:124}()
#27 C:\wamp\www\laravel_stored_procedure\vendor\laravel\framework\src\Illuminate\Routing\Pipeline.php(32): Illuminate\Pipeline\Pipeline->Illuminate\Pipeline\{closure}()
#28 C:\wamp\www\laravel_stored_procedure\vendor\laravel\framework\src\Illuminate\Routing\Pipeline.php(32): call_user_func:{C:\wamp\www\laravel_stored_procedure\vendor\laravel\framework\src\Illuminate\Routing\Pipeline.php:32}()
#29 C:\wamp\www\laravel_stored_procedure\vendor\laravel\framework\src\Illuminate\Cookie\Middleware\EncryptCookies.php(59): Illuminate\Routing\Pipeline->Illuminate\Routing\{closure}()
#30 C:\wamp\www\laravel_stored_procedure\vendor\laravel\framework\src\Illuminate\Pipeline\Pipeline.php(124): Illuminate\Cookie\Middleware\EncryptCookies->handle()
#31 C:\wamp\www\laravel_stored_procedure\vendor\laravel\framework\src\Illuminate\Pipeline\Pipeline.php(124): call_user_func_array:{C:\wamp\www\laravel_stored_procedure\vendor\laravel\framework\src\Illuminate\Pipeline\Pipeline.php:124}()
#32 C:\wamp\www\laravel_stored_procedure\vendor\laravel\framework\src\Illuminate\Routing\Pipeline.php(32): Illuminate\Pipeline\Pipeline->Illuminate\Pipeline\{closure}()
#33 C:\wamp\www\laravel_stored_procedure\vendor\laravel\framework\src\Illuminate\Routing\Pipeline.php(32): call_user_func:{C:\wamp\www\laravel_stored_procedure\vendor\laravel\framework\src\Illuminate\Routing\Pipeline.php:32}()
#34 C:\wamp\www\laravel_stored_procedure\vendor\laravel\framework\src\Illuminate\Pipeline\Pipeline.php(103): Illuminate\Routing\Pipeline->Illuminate\Routing\{closure}()
#35 C:\wamp\www\laravel_stored_procedure\vendor\laravel\framework\src\Illuminate\Pipeline\Pipeline.php(103): call_user_func:{C:\wamp\www\laravel_stored_procedure\vendor\laravel\framework\src\Illuminate\Pipeline\Pipeline.php:103}()
#36 C:\wamp\www\laravel_stored_procedure\vendor\laravel\framework\src\Illuminate\Routing\Router.php(726): Illuminate\Pipeline\Pipeline->then()
#37 C:\wamp\www\laravel_stored_procedure\vendor\laravel\framework\src\Illuminate\Routing\Router.php(699): Illuminate\Routing\Router->runRouteWithinStack()
#38 C:\wamp\www\laravel_stored_procedure\vendor\laravel\framework\src\Illuminate\Routing\Router.php(675): Illuminate\Routing\Router->dispatchToRoute()
#39 C:\wamp\www\laravel_stored_procedure\vendor\laravel\framework\src\Illuminate\Foundation\Http\Kernel.php(246): Illuminate\Routing\Router->dispatch()
#40 C:\wamp\www\laravel_stored_procedure\vendor\laravel\framework\src\Illuminate\Routing\Pipeline.php(52): Illuminate\Foundation\Http\Kernel->Illuminate\Foundation\Http\{closure}()
#41 C:\wamp\www\laravel_stored_procedure\vendor\laravel\framework\src\Illuminate\Routing\Pipeline.php(52): call_user_func:{C:\wamp\www\laravel_stored_procedure\vendor\laravel\framework\src\Illuminate\Routing\Pipeline.php:52}()
#42 C:\wamp\www\laravel_stored_procedure\vendor\laravel\framework\src\Illuminate\Foundation\Http\Middleware\CheckForMaintenanceMode.php(44): Illuminate\Routing\Pipeline->Illuminate\Routing\{closure}()
#43 C:\wamp\www\laravel_stored_procedure\vendor\laravel\framework\src\Illuminate\Pipeline\Pipeline.php(124): Illuminate\Foundation\Http\Middleware\CheckForMaintenanceMode->handle()
#44 C:\wamp\www\laravel_stored_procedure\vendor\laravel\framework\src\Illuminate\Pipeline\Pipeline.php(124): call_user_func_array:{C:\wamp\www\laravel_stored_procedure\vendor\laravel\framework\src\Illuminate\Pipeline\Pipeline.php:124}()
#45 C:\wamp\www\laravel_stored_procedure\vendor\laravel\framework\src\Illuminate\Routing\Pipeline.php(32): Illuminate\Pipeline\Pipeline->Illuminate\Pipeline\{closure}()
#46 C:\wamp\www\laravel_stored_procedure\vendor\laravel\framework\src\Illuminate\Routing\Pipeline.php(32): call_user_func:{C:\wamp\www\laravel_stored_procedure\vendor\laravel\framework\src\Illuminate\Routing\Pipeline.php:32}()
#47 C:\wamp\www\laravel_stored_procedure\vendor\laravel\framework\src\Illuminate\Pipeline\Pipeline.php(103): Illuminate\Routing\Pipeline->Illuminate\Routing\{closure}()
#48 C:\wamp\www\laravel_stored_procedure\vendor\laravel\framework\src\Illuminate\Pipeline\Pipeline.php(103): call_user_func:{C:\wamp\www\laravel_stored_procedure\vendor\laravel\framework\src\Illuminate\Pipeline\Pipeline.php:103}()
#49 C:\wamp\www\laravel_stored_procedure\vendor\laravel\framework\src\Illuminate\Foundation\Http\Kernel.php(132): Illuminate\Pipeline\Pipeline->then()
#50 C:\wamp\www\laravel_stored_procedure\vendor\laravel\framework\src\Illuminate\Foundation\Http\Kernel.php(99): Illuminate\Foundation\Http\Kernel->sendRequestThroughRouter()
#51 C:\wamp\www\laravel_stored_procedure\public\index.php(54): Illuminate\Foundation\Http\Kernel->handle()
#52 C:\wamp\www\laravel_stored_procedure\public\index.php(0): {main}()
#53 {main}  
[2017-07-21 03:50:13] local.ERROR: exception 'LogicException' with message 'Unable to prepare route [documents/send] for serialization. Uses Closure.' in E:\repos\laravel_stored_procedure\vendor\laravel\framework\src\Illuminate\Routing\Route.php:926
Stack trace:
#0 E:\repos\laravel_stored_procedure\vendor\laravel\framework\src\Illuminate\Foundation\Console\RouteCacheCommand.php(61): Illuminate\Routing\Route->prepareForSerialization()
#1 [internal function]: Illuminate\Foundation\Console\RouteCacheCommand->fire()
#2 E:\repos\laravel_stored_procedure\vendor\laravel\framework\src\Illuminate\Container\Container.php(507): call_user_func_array(Array, Array)
#3 E:\repos\laravel_stored_procedure\vendor\laravel\framework\src\Illuminate\Console\Command.php(169): Illuminate\Container\Container->call(Array)
#4 E:\repos\laravel_stored_procedure\vendor\symfony\console\Command\Command.php(256): Illuminate\Console\Command->execute(Object(Symfony\Component\Console\Input\ArgvInput), Object(Symfony\Component\Console\Output\ConsoleOutput))
#5 E:\repos\laravel_stored_procedure\vendor\laravel\framework\src\Illuminate\Console\Command.php(155): Symfony\Component\Console\Command\Command->run(Object(Symfony\Component\Console\Input\ArgvInput), Object(Symfony\Component\Console\Output\ConsoleOutput))
#6 E:\repos\laravel_stored_procedure\vendor\symfony\console\Application.php(794): Illuminate\Console\Command->run(Object(Symfony\Component\Console\Input\ArgvInput), Object(Symfony\Component\Console\Output\ConsoleOutput))
#7 E:\repos\laravel_stored_procedure\vendor\symfony\console\Application.php(186): Symfony\Component\Console\Application->doRunCommand(Object(Illuminate\Foundation\Console\RouteCacheCommand), Object(Symfony\Component\Console\Input\ArgvInput), Object(Symfony\Component\Console\Output\ConsoleOutput))
#8 E:\repos\laravel_stored_procedure\vendor\symfony\console\Application.php(117): Symfony\Component\Console\Application->doRun(Object(Symfony\Component\Console\Input\ArgvInput), Object(Symfony\Component\Console\Output\ConsoleOutput))
#9 E:\repos\laravel_stored_procedure\vendor\laravel\framework\src\Illuminate\Foundation\Console\Kernel.php(107): Symfony\Component\Console\Application->run(Object(Symfony\Component\Console\Input\ArgvInput), Object(Symfony\Component\Console\Output\ConsoleOutput))
#10 E:\repos\laravel_stored_procedure\artisan(36): Illuminate\Foundation\Console\Kernel->handle(Object(Symfony\Component\Console\Input\ArgvInput), Object(Symfony\Component\Console\Output\ConsoleOutput))
#11 {main}  
[2017-07-21 03:56:03] local.ERROR: exception 'LogicException' with message 'Unable to prepare route [documents/send] for serialization. Uses Closure.' in E:\repos\laravel_stored_procedure\vendor\laravel\framework\src\Illuminate\Routing\Route.php:926
Stack trace:
#0 E:\repos\laravel_stored_procedure\vendor\laravel\framework\src\Illuminate\Foundation\Console\RouteCacheCommand.php(61): Illuminate\Routing\Route->prepareForSerialization()
#1 [internal function]: Illuminate\Foundation\Console\RouteCacheCommand->fire()
#2 E:\repos\laravel_stored_procedure\vendor\laravel\framework\src\Illuminate\Container\Container.php(507): call_user_func_array(Array, Array)
#3 E:\repos\laravel_stored_procedure\vendor\laravel\framework\src\Illuminate\Console\Command.php(169): Illuminate\Container\Container->call(Array)
#4 E:\repos\laravel_stored_procedure\vendor\symfony\console\Command\Command.php(256): Illuminate\Console\Command->execute(Object(Symfony\Component\Console\Input\ArgvInput), Object(Symfony\Component\Console\Output\ConsoleOutput))
#5 E:\repos\laravel_stored_procedure\vendor\laravel\framework\src\Illuminate\Console\Command.php(155): Symfony\Component\Console\Command\Command->run(Object(Symfony\Component\Console\Input\ArgvInput), Object(Symfony\Component\Console\Output\ConsoleOutput))
#6 E:\repos\laravel_stored_procedure\vendor\symfony\console\Application.php(794): Illuminate\Console\Command->run(Object(Symfony\Component\Console\Input\ArgvInput), Object(Symfony\Component\Console\Output\ConsoleOutput))
#7 E:\repos\laravel_stored_procedure\vendor\symfony\console\Application.php(186): Symfony\Component\Console\Application->doRunCommand(Object(Illuminate\Foundation\Console\RouteCacheCommand), Object(Symfony\Component\Console\Input\ArgvInput), Object(Symfony\Component\Console\Output\ConsoleOutput))
#8 E:\repos\laravel_stored_procedure\vendor\symfony\console\Application.php(117): Symfony\Component\Console\Application->doRun(Object(Symfony\Component\Console\Input\ArgvInput), Object(Symfony\Component\Console\Output\ConsoleOutput))
#9 E:\repos\laravel_stored_procedure\vendor\laravel\framework\src\Illuminate\Foundation\Console\Kernel.php(107): Symfony\Component\Console\Application->run(Object(Symfony\Component\Console\Input\ArgvInput), Object(Symfony\Component\Console\Output\ConsoleOutput))
#10 E:\repos\laravel_stored_procedure\artisan(36): Illuminate\Foundation\Console\Kernel->handle(Object(Symfony\Component\Console\Input\ArgvInput), Object(Symfony\Component\Console\Output\ConsoleOutput))
#11 {main}  
[2017-07-21 03:59:13] local.ERROR: exception 'LogicException' with message 'Unable to prepare route [documents/send] for serialization. Uses Closure.' in E:\repos\laravel_stored_procedure\vendor\laravel\framework\src\Illuminate\Routing\Route.php:926
Stack trace:
#0 E:\repos\laravel_stored_procedure\vendor\laravel\framework\src\Illuminate\Foundation\Console\RouteCacheCommand.php(61): Illuminate\Routing\Route->prepareForSerialization()
#1 [internal function]: Illuminate\Foundation\Console\RouteCacheCommand->fire()
#2 E:\repos\laravel_stored_procedure\vendor\laravel\framework\src\Illuminate\Container\Container.php(507): call_user_func_array(Array, Array)
#3 E:\repos\laravel_stored_procedure\vendor\laravel\framework\src\Illuminate\Console\Command.php(169): Illuminate\Container\Container->call(Array)
#4 E:\repos\laravel_stored_procedure\vendor\symfony\console\Command\Command.php(256): Illuminate\Console\Command->execute(Object(Symfony\Component\Console\Input\ArgvInput), Object(Symfony\Component\Console\Output\ConsoleOutput))
#5 E:\repos\laravel_stored_procedure\vendor\laravel\framework\src\Illuminate\Console\Command.php(155): Symfony\Component\Console\Command\Command->run(Object(Symfony\Component\Console\Input\ArgvInput), Object(Symfony\Component\Console\Output\ConsoleOutput))
#6 E:\repos\laravel_stored_procedure\vendor\symfony\console\Application.php(794): Illuminate\Console\Command->run(Object(Symfony\Component\Console\Input\ArgvInput), Object(Symfony\Component\Console\Output\ConsoleOutput))
#7 E:\repos\laravel_stored_procedure\vendor\symfony\console\Application.php(186): Symfony\Component\Console\Application->doRunCommand(Object(Illuminate\Foundation\Console\RouteCacheCommand), Object(Symfony\Component\Console\Input\ArgvInput), Object(Symfony\Component\Console\Output\ConsoleOutput))
#8 E:\repos\laravel_stored_procedure\vendor\symfony\console\Application.php(117): Symfony\Component\Console\Application->doRun(Object(Symfony\Component\Console\Input\ArgvInput), Object(Symfony\Component\Console\Output\ConsoleOutput))
#9 E:\repos\laravel_stored_procedure\vendor\laravel\framework\src\Illuminate\Foundation\Console\Kernel.php(107): Symfony\Component\Console\Application->run(Object(Symfony\Component\Console\Input\ArgvInput), Object(Symfony\Component\Console\Output\ConsoleOutput))
#10 E:\repos\laravel_stored_procedure\artisan(36): Illuminate\Foundation\Console\Kernel->handle(Object(Symfony\Component\Console\Input\ArgvInput), Object(Symfony\Component\Console\Output\ConsoleOutput))
#11 {main}  
[2017-07-21 04:01:07] local.ERROR: exception 'LogicException' with message 'Unable to prepare route [documents/send] for serialization. Uses Closure.' in E:\repos\laravel_stored_procedure\vendor\laravel\framework\src\Illuminate\Routing\Route.php:926
Stack trace:
#0 E:\repos\laravel_stored_procedure\vendor\laravel\framework\src\Illuminate\Foundation\Console\RouteCacheCommand.php(61): Illuminate\Routing\Route->prepareForSerialization()
#1 [internal function]: Illuminate\Foundation\Console\RouteCacheCommand->fire()
#2 E:\repos\laravel_stored_procedure\vendor\laravel\framework\src\Illuminate\Container\Container.php(507): call_user_func_array(Array, Array)
#3 E:\repos\laravel_stored_procedure\vendor\laravel\framework\src\Illuminate\Console\Command.php(169): Illuminate\Container\Container->call(Array)
#4 E:\repos\laravel_stored_procedure\vendor\symfony\console\Command\Command.php(256): Illuminate\Console\Command->execute(Object(Symfony\Component\Console\Input\ArgvInput), Object(Symfony\Component\Console\Output\ConsoleOutput))
#5 E:\repos\laravel_stored_procedure\vendor\laravel\framework\src\Illuminate\Console\Command.php(155): Symfony\Component\Console\Command\Command->run(Object(Symfony\Component\Console\Input\ArgvInput), Object(Symfony\Component\Console\Output\ConsoleOutput))
#6 E:\repos\laravel_stored_procedure\vendor\symfony\console\Application.php(794): Illuminate\Console\Command->run(Object(Symfony\Component\Console\Input\ArgvInput), Object(Symfony\Component\Console\Output\ConsoleOutput))
#7 E:\repos\laravel_stored_procedure\vendor\symfony\console\Application.php(186): Symfony\Component\Console\Application->doRunCommand(Object(Illuminate\Foundation\Console\RouteCacheCommand), Object(Symfony\Component\Console\Input\ArgvInput), Object(Symfony\Component\Console\Output\ConsoleOutput))
#8 E:\repos\laravel_stored_procedure\vendor\symfony\console\Application.php(117): Symfony\Component\Console\Application->doRun(Object(Symfony\Component\Console\Input\ArgvInput), Object(Symfony\Component\Console\Output\ConsoleOutput))
#9 E:\repos\laravel_stored_procedure\vendor\laravel\framework\src\Illuminate\Foundation\Console\Kernel.php(107): Symfony\Component\Console\Application->run(Object(Symfony\Component\Console\Input\ArgvInput), Object(Symfony\Component\Console\Output\ConsoleOutput))
#10 E:\repos\laravel_stored_procedure\artisan(36): Illuminate\Foundation\Console\Kernel->handle(Object(Symfony\Component\Console\Input\ArgvInput), Object(Symfony\Component\Console\Output\ConsoleOutput))
#11 {main}  
